<?xml version="1.0" encoding="UTF-8"?>
<testsuite xmlns:xsi="http://www.w3.org/2001/XMLSchema-instance" xsi:noNamespaceSchemaLocation="https://maven.apache.org/surefire/maven-surefire-plugin/xsd/surefire-test-report.xsd" name="ru.netology.diploma.controller.ControllerMockMvcUnitTest" time="2.958" tests="5" errors="1" skipped="0" failures="0">
  <properties>
[...]
</properties>
  <testcase name="postNewFileThenGivenOkStatus" classname="ru.netology.diploma.controller.ControllerMockMvcUnitTest" time="0.126">
    <error message="Request processing failed; nested exception is java.lang.NullPointerException: Cannot invoke &quot;org.springframework.web.multipart.MultipartFile.getBytes()&quot; because &quot;file&quot; is null" type="org.springframework.web.util.NestedServletException">org.springframework.web.util.NestedServletException: Request processing failed; nested exception is java.lang.NullPointerException: Cannot invoke "org.springframework.web.multipart.MultipartFile.getBytes()" because "file" is null
	at ru.netology.diploma.controller.ControllerMockMvcUnitTest.postNewFileThenGivenOkStatus(ControllerMockMvcUnitTest.java:82)
Caused by: java.lang.NullPointerException: Cannot invoke "org.springframework.web.multipart.MultipartFile.getBytes()" because "file" is null
	at ru.netology.diploma.controller.ControllerMockMvcUnitTest.postNewFileThenGivenOkStatus(ControllerMockMvcUnitTest.java:82)
</error>
    <system-out><![CDATA[2024-03-04 13:52:51.199  INFO 14872 --- [           main] .b.t.a.w.s.WebMvcTestContextBootstrapper : Neither @ContextConfiguration nor @ContextHierarchy found for test class [ru.netology.diploma.controller.ControllerMockMvcUnitTest], using SpringBootContextLoader
2024-03-04 13:52:51.204  INFO 14872 --- [           main] o.s.t.c.support.AbstractContextLoader    : Could not detect default resource locations for test class [ru.netology.diploma.controller.ControllerMockMvcUnitTest]: no resource found for suffixes {-context.xml, Context.groovy}.
2024-03-04 13:52:51.204  INFO 14872 --- [           main] t.c.s.AnnotationConfigContextLoaderUtils : Could not detect default configuration classes for test class [ru.netology.diploma.controller.ControllerMockMvcUnitTest]: ControllerMockMvcUnitTest does not declare any static, non-private, non-final, nested classes annotated with @Configuration.
2024-03-04 13:52:51.263  INFO 14872 --- [           main] .b.t.c.SpringBootTestContextBootstrapper : Found @SpringBootConfiguration ru.netology.diploma.DiplomaDemoApplication for test class ru.netology.diploma.controller.ControllerMockMvcUnitTest
2024-03-04 13:52:51.265  INFO 14872 --- [           main] .b.t.a.w.s.WebMvcTestContextBootstrapper : Loaded default TestExecutionListener class names from location [META-INF/spring.factories]: [org.springframework.boot.test.mock.mockito.MockitoTestExecutionListener, org.springframework.boot.test.mock.mockito.ResetMocksTestExecutionListener, org.springframework.boot.test.autoconfigure.restdocs.RestDocsTestExecutionListener, org.springframework.boot.test.autoconfigure.web.client.MockRestServiceServerResetTestExecutionListener, org.springframework.boot.test.autoconfigure.web.servlet.MockMvcPrintOnlyOnFailureTestExecutionListener, org.springframework.boot.test.autoconfigure.web.servlet.WebDriverTestExecutionListener, org.springframework.boot.test.autoconfigure.webservices.client.MockWebServiceServerTestExecutionListener, org.springframework.test.context.web.ServletTestExecutionListener, org.springframework.test.context.support.DirtiesContextBeforeModesTestExecutionListener, org.springframework.test.context.event.ApplicationEventsTestExecutionListener, org.springframework.test.context.support.DependencyInjectionTestExecutionListener, org.springframework.test.context.support.DirtiesContextTestExecutionListener, org.springframework.test.context.transaction.TransactionalTestExecutionListener, org.springframework.test.context.jdbc.SqlScriptsTestExecutionListener, org.springframework.test.context.event.EventPublishingTestExecutionListener, org.springframework.security.test.context.support.WithSecurityContextTestExecutionListener, org.springframework.security.test.context.support.ReactorContextTestExecutionListener]
2024-03-04 13:52:51.266  INFO 14872 --- [           main] .b.t.a.w.s.WebMvcTestContextBootstrapper : Using TestExecutionListeners: [org.springframework.test.context.web.ServletTestExecutionListener@630b6190, org.springframework.test.context.support.DirtiesContextBeforeModesTestExecutionListener@532e27ab, org.springframework.test.context.event.ApplicationEventsTestExecutionListener@1cdc1bbc, org.springframework.boot.test.mock.mockito.MockitoTestExecutionListener@5f95f1e1, org.springframework.boot.test.autoconfigure.SpringBootDependencyInjectionTestExecutionListener@672a1c62, org.springframework.test.context.support.DirtiesContextTestExecutionListener@459b6c53, org.springframework.test.context.transaction.TransactionalTestExecutionListener@39e69ea7, org.springframework.test.context.jdbc.SqlScriptsTestExecutionListener@490c7a83, org.springframework.test.context.event.EventPublishingTestExecutionListener@7e72a6cc, org.springframework.security.test.context.support.WithSecurityContextTestExecutionListener@6015a4a5, org.springframework.security.test.context.support.ReactorContextTestExecutionListener@6d0b0da6, org.springframework.boot.test.mock.mockito.ResetMocksTestExecutionListener@4779aae6, org.springframework.boot.test.autoconfigure.restdocs.RestDocsTestExecutionListener@2cd62003, org.springframework.boot.test.autoconfigure.web.client.MockRestServiceServerResetTestExecutionListener@61ab89b0, org.springframework.boot.test.autoconfigure.web.servlet.MockMvcPrintOnlyOnFailureTestExecutionListener@5478ce1e, org.springframework.boot.test.autoconfigure.web.servlet.WebDriverTestExecutionListener@5edc70ed, org.springframework.boot.test.autoconfigure.webservices.client.MockWebServiceServerTestExecutionListener@4317850d]

  .   ____          _            __ _ _
 /\\ / ___'_ __ _ _(_)_ __  __ _ \ \ \ \
( ( )\___ | '_ | '_| | '_ \/ _` | \ \ \ \
 \\/  ___)| |_)| | | | | || (_| |  ) ) ) )
  '  |____| .__|_| |_|_| |_\__, | / / / /
 =========|_|==============|___/=/_/_/_/
 :: Spring Boot ::               (v2.7.14)

2024-03-04 13:52:51.367  INFO 14872 --- [           main] r.n.d.c.ControllerMockMvcUnitTest        : Starting ControllerMockMvcUnitTest using Java 17.0.8.1 on MacBook-Pro-Sergej.local with PID 14872 (started by sergeynechaev in /Users/sergeynechaev/Desktop/Netology/diplomaDemo)
2024-03-04 13:52:51.367  INFO 14872 --- [           main] r.n.d.c.ControllerMockMvcUnitTest        : No active profile set, falling back to 1 default profile: "default"
2024-03-04 13:52:53.288  INFO 14872 --- [           main] o.s.s.web.DefaultSecurityFilterChain     : Will secure any request with [org.springframework.security.web.session.DisableEncodeUrlFilter@455da438, org.springframework.security.web.context.request.async.WebAsyncManagerIntegrationFilter@60652518, org.springframework.security.web.context.SecurityContextPersistenceFilter@6dece1f9, org.springframework.security.web.header.HeaderWriterFilter@78128dd0, org.springframework.security.web.authentication.logout.LogoutFilter@4b508371, ru.netology.diploma.securityConfig.JWTFilter@5ea7bc4, org.springframework.security.web.savedrequest.RequestCacheAwareFilter@5635bcd2, org.springframework.security.web.servletapi.SecurityContextHolderAwareRequestFilter@1214d23c, org.springframework.security.web.authentication.AnonymousAuthenticationFilter@438aaa9f, org.springframework.security.web.session.SessionManagementFilter@78545d40, org.springframework.security.web.access.ExceptionTranslationFilter@44abdb1f, org.springframework.security.web.access.intercept.FilterSecurityInterceptor@6cbdd1c5]
2024-03-04 13:52:53.293  WARN 14872 --- [           main] o.s.s.c.a.web.builders.WebSecurity       : 

********************************************************************
**********        Security debugging is enabled.       *************
**********    This may include sensitive information.  *************
**********      Do not use in a production system!     *************
********************************************************************


2024-03-04 13:52:53.573  INFO 14872 --- [           main] o.s.b.t.m.w.SpringBootMockServletContext : Initializing Spring TestDispatcherServlet ''
2024-03-04 13:52:53.574  INFO 14872 --- [           main] o.s.t.web.servlet.TestDispatcherServlet  : Initializing Servlet ''
2024-03-04 13:52:53.576  INFO 14872 --- [           main] o.s.t.web.servlet.TestDispatcherServlet  : Completed initialization in 1 ms
2024-03-04 13:52:53.635  INFO 14872 --- [           main] r.n.d.c.ControllerMockMvcUnitTest        : Started ControllerMockMvcUnitTest in 2.362 seconds (JVM running for 6.195)
2024-03-04 13:52:53.723  INFO 14872 --- [           main] Spring Security Debugger                 : 

************************************************************

Request received for POST '/file':

org.springframework.mock.web.MockHttpServletRequest@302da330

servletPath:
pathInfo:/file
headers: 
Content-Type: multipart/form-data;charset=UTF-8
Content-Length: 55


Security filter chain: [
  DisableEncodeUrlFilter
  WebAsyncManagerIntegrationFilter
  SecurityContextPersistenceFilter
  HeaderWriterFilter
  LogoutFilter
  JWTFilter
  RequestCacheAwareFilter
  SecurityContextHolderAwareRequestFilter
  AnonymousAuthenticationFilter
  SessionManagementFilter
  ExceptionTranslationFilter
  FilterSecurityInterceptor
]


************************************************************


]]></system-out>
  </testcase>
  <testcase name="deleteByName" classname="ru.netology.diploma.controller.ControllerMockMvcUnitTest" time="0.038"/>
  <testcase name="putByName" classname="ru.netology.diploma.controller.ControllerMockMvcUnitTest" time="0.146"/>
  <testcase name="getListOfFileNamesAndSize" classname="ru.netology.diploma.controller.ControllerMockMvcUnitTest" time="0.129"/>
  <testcase name="getFileNameAndContentByFileName" classname="ru.netology.diploma.controller.ControllerMockMvcUnitTest" time="0.026"/>
</testsuite>