<?xml version="1.0" encoding="UTF-8"?>
<testsuite xmlns:xsi="http://www.w3.org/2001/XMLSchema-instance" xsi:noNamespaceSchemaLocation="https://maven.apache.org/surefire/maven-surefire-plugin/xsd/surefire-test-report.xsd" name="ru.netology.diploma.controller.ControllerIntegrationTest" time="2.52" tests="1" errors="1" skipped="0" failures="0">
  <properties>
[...]
</properties>
  <testcase name="ru.netology.diploma.controller.ControllerIntegrationTest" classname="ru.netology.diploma.controller.ControllerIntegrationTest" time="2.52">
    <error message="Container startup failed for image postgres:16.2" type="org.testcontainers.containers.ContainerLaunchException">org.testcontainers.containers.ContainerLaunchException: Container startup failed for image postgres:16.2
Caused by: org.rnorth.ducttape.RetryCountExceededException: Retry limit hit with exception
Caused by: org.testcontainers.containers.ContainerLaunchException: Could not create/start container
Caused by: org.testcontainers.ext.ScriptUtils$ScriptLoadException: Could not load classpath init script: /db.sql. Resource not found.
</error>
    <system-out><![CDATA[2024-03-04 13:52:54.234  INFO 14872 --- [           main] o.s.t.c.support.AbstractContextLoader    : Could not detect default resource locations for test class [ru.netology.diploma.controller.ControllerIntegrationTest]: no resource found for suffixes {-context.xml, Context.groovy}.
2024-03-04 13:52:54.236  INFO 14872 --- [           main] t.c.s.AnnotationConfigContextLoaderUtils : Could not detect default configuration classes for test class [ru.netology.diploma.controller.ControllerIntegrationTest]: ControllerIntegrationTest does not declare any static, non-private, non-final, nested classes annotated with @Configuration.
2024-03-04 13:52:54.311  INFO 14872 --- [           main] .b.t.c.SpringBootTestContextBootstrapper : Found @SpringBootConfiguration ru.netology.diploma.DiplomaDemoApplication for test class ru.netology.diploma.controller.ControllerIntegrationTest
2024-03-04 13:52:54.326  INFO 14872 --- [           main] .b.t.c.SpringBootTestContextBootstrapper : Loaded default TestExecutionListener class names from location [META-INF/spring.factories]: [org.springframework.boot.test.mock.mockito.MockitoTestExecutionListener, org.springframework.boot.test.mock.mockito.ResetMocksTestExecutionListener, org.springframework.boot.test.autoconfigure.restdocs.RestDocsTestExecutionListener, org.springframework.boot.test.autoconfigure.web.client.MockRestServiceServerResetTestExecutionListener, org.springframework.boot.test.autoconfigure.web.servlet.MockMvcPrintOnlyOnFailureTestExecutionListener, org.springframework.boot.test.autoconfigure.web.servlet.WebDriverTestExecutionListener, org.springframework.boot.test.autoconfigure.webservices.client.MockWebServiceServerTestExecutionListener, org.springframework.test.context.web.ServletTestExecutionListener, org.springframework.test.context.support.DirtiesContextBeforeModesTestExecutionListener, org.springframework.test.context.event.ApplicationEventsTestExecutionListener, org.springframework.test.context.support.DependencyInjectionTestExecutionListener, org.springframework.test.context.support.DirtiesContextTestExecutionListener, org.springframework.test.context.transaction.TransactionalTestExecutionListener, org.springframework.test.context.jdbc.SqlScriptsTestExecutionListener, org.springframework.test.context.event.EventPublishingTestExecutionListener, org.springframework.security.test.context.support.WithSecurityContextTestExecutionListener, org.springframework.security.test.context.support.ReactorContextTestExecutionListener]
2024-03-04 13:52:54.328  INFO 14872 --- [           main] .b.t.c.SpringBootTestContextBootstrapper : Using TestExecutionListeners: [org.springframework.test.context.web.ServletTestExecutionListener@3c743d40, org.springframework.test.context.support.DirtiesContextBeforeModesTestExecutionListener@5aac6f9f, org.springframework.test.context.event.ApplicationEventsTestExecutionListener@2444c3df, org.springframework.boot.test.mock.mockito.MockitoTestExecutionListener@1eb6037d, org.springframework.boot.test.autoconfigure.SpringBootDependencyInjectionTestExecutionListener@335b3d6, org.springframework.test.context.support.DirtiesContextTestExecutionListener@3a5ce4b8, org.springframework.test.context.transaction.TransactionalTestExecutionListener@38848217, org.springframework.test.context.jdbc.SqlScriptsTestExecutionListener@1607d391, org.springframework.test.context.event.EventPublishingTestExecutionListener@38826984, org.springframework.security.test.context.support.WithSecurityContextTestExecutionListener@65262308, org.springframework.security.test.context.support.ReactorContextTestExecutionListener@792e8181, org.springframework.boot.test.mock.mockito.ResetMocksTestExecutionListener@511d5e6e, org.springframework.boot.test.autoconfigure.restdocs.RestDocsTestExecutionListener@7a78d380, org.springframework.boot.test.autoconfigure.web.client.MockRestServiceServerResetTestExecutionListener@2e1291a4, org.springframework.boot.test.autoconfigure.web.servlet.MockMvcPrintOnlyOnFailureTestExecutionListener@23bd2f6e, org.springframework.boot.test.autoconfigure.web.servlet.WebDriverTestExecutionListener@18e8eb59, org.springframework.boot.test.autoconfigure.webservices.client.MockWebServiceServerTestExecutionListener@2430cf17]
2024-03-04 13:52:54.371  INFO 14872 --- [           main] org.testcontainers.images.PullPolicy     : Image pull policy will be performed by: DefaultPullPolicy()
2024-03-04 13:52:54.376  INFO 14872 --- [           main] o.t.utility.ImageNameSubstitutor         : Image name substitution will be performed by: DefaultImageNameSubstitutor (composite of 'ConfigurationFileImageNameSubstitutor' and 'PrefixingImageNameSubstitutor')
2024-03-04 13:52:54.583  INFO 14872 --- [           main] o.t.d.DockerClientProviderStrategy       : Loaded org.testcontainers.dockerclient.UnixSocketClientProviderStrategy from ~/.testcontainers.properties, will try it first
2024-03-04 13:52:54.957  INFO 14872 --- [           main] o.t.d.DockerClientProviderStrategy       : Found Docker environment with local Unix socket (unix:///var/run/docker.sock)
2024-03-04 13:52:54.959  INFO 14872 --- [           main] org.testcontainers.DockerClientFactory   : Docker host IP address is localhost
2024-03-04 13:52:54.997  INFO 14872 --- [           main] org.testcontainers.DockerClientFactory   : Connected to docker: 
  Server Version: 25.0.3
  API Version: 1.44
  Operating System: Docker Desktop
  Total Memory: 7841 MB
2024-03-04 13:52:55.030  INFO 14872 --- [           main] tc.testcontainers/ryuk:0.6.0             : Creating container for image: testcontainers/ryuk:0.6.0
2024-03-04 13:52:55.127  INFO 14872 --- [           main] o.t.utility.RegistryAuthLocator          : Credential helper/store (docker-credential-desktop) does not have credentials for https://index.docker.io/v1/
2024-03-04 13:52:55.320  INFO 14872 --- [           main] tc.testcontainers/ryuk:0.6.0             : Container testcontainers/ryuk:0.6.0 is starting: c8535b58244dd0b012e40933300ff0b12bb22a4748f426aee7b374e732a69f44
2024-03-04 13:52:55.758  INFO 14872 --- [           main] tc.testcontainers/ryuk:0.6.0             : Container testcontainers/ryuk:0.6.0 started in PT0.727866S
2024-03-04 13:52:55.773  INFO 14872 --- [           main] o.t.utility.RyukResourceReaper           : Ryuk started - will monitor and terminate Testcontainers containers on JVM exit
2024-03-04 13:52:55.773  INFO 14872 --- [           main] org.testcontainers.DockerClientFactory   : Checking the system...
2024-03-04 13:52:55.773  INFO 14872 --- [           main] org.testcontainers.DockerClientFactory   : ✔︎ Docker server version should be at least 1.6.0
2024-03-04 13:52:55.775  INFO 14872 --- [           main] tc.postgres:16.2                         : Creating container for image: postgres:16.2
2024-03-04 13:52:55.825  INFO 14872 --- [           main] tc.postgres:16.2                         : Container postgres:16.2 is starting: cba8911976535d8b5ab3f3ee18791212d76477964b9a356830d634375679184a
2024-03-04 13:52:56.655  INFO 14872 --- [           main] tc.postgres:16.2                         : Container postgres:16.2 started in PT0.879777S
2024-03-04 13:52:56.657  INFO 14872 --- [           main] tc.postgres:16.2                         : Container is started (JDBC URL: jdbc:postgresql://localhost:65294/serg?loggerLevel=OFF)
2024-03-04 13:52:56.665  WARN 14872 --- [           main] org.testcontainers.ext.ScriptUtils       : Could not load classpath init script: /db.sql
2024-03-04 13:52:56.666 ERROR 14872 --- [           main] tc.postgres:16.2                         : Could not start container

org.testcontainers.ext.ScriptUtils$ScriptLoadException: Could not load classpath init script: /db.sql. Resource not found.
	at org.testcontainers.ext.ScriptUtils.runInitScript(ScriptUtils.java:206) ~[database-commons-1.19.5.jar:na]
	at org.testcontainers.containers.JdbcDatabaseContainer.runInitScriptIfRequired(JdbcDatabaseContainer.java:332) ~[jdbc-1.19.5.jar:na]
	at org.testcontainers.containers.JdbcDatabaseContainer.containerIsStarted(JdbcDatabaseContainer.java:187) ~[jdbc-1.19.5.jar:na]
	at org.testcontainers.containers.GenericContainer.containerIsStarted(GenericContainer.java:724) ~[testcontainers-1.19.5.jar:na]
	at org.testcontainers.containers.GenericContainer.tryStart(GenericContainer.java:545) ~[testcontainers-1.19.5.jar:na]
	at org.testcontainers.containers.GenericContainer.lambda$doStart$0(GenericContainer.java:357) ~[testcontainers-1.19.5.jar:na]
	at org.rnorth.ducttape.unreliables.Unreliables.retryUntilSuccess(Unreliables.java:81) ~[duct-tape-1.0.8.jar:na]
	at org.testcontainers.containers.GenericContainer.doStart(GenericContainer.java:347) ~[testcontainers-1.19.5.jar:na]
	at org.testcontainers.containers.GenericContainer.start(GenericContainer.java:333) ~[testcontainers-1.19.5.jar:na]
	at org.testcontainers.junit.jupiter.TestcontainersExtension$StoreAdapter.start(TestcontainersExtension.java:280) ~[junit-jupiter-1.19.5.jar:na]
	at org.testcontainers.junit.jupiter.TestcontainersExtension$StoreAdapter.access$200(TestcontainersExtension.java:267) ~[junit-jupiter-1.19.5.jar:na]
	at org.testcontainers.junit.jupiter.TestcontainersExtension.lambda$null$4(TestcontainersExtension.java:82) ~[junit-jupiter-1.19.5.jar:na]
	at org.junit.jupiter.engine.execution.ExtensionValuesStore.lambda$getOrComputeIfAbsent$4(ExtensionValuesStore.java:86) ~[junit-jupiter-engine-5.8.2.jar:5.8.2]
	at org.junit.jupiter.engine.execution.ExtensionValuesStore$MemoizingSupplier.computeValue(ExtensionValuesStore.java:223) ~[junit-jupiter-engine-5.8.2.jar:5.8.2]
	at org.junit.jupiter.engine.execution.ExtensionValuesStore$MemoizingSupplier.get(ExtensionValuesStore.java:211) ~[junit-jupiter-engine-5.8.2.jar:5.8.2]
	at org.junit.jupiter.engine.execution.ExtensionValuesStore$StoredValue.evaluate(ExtensionValuesStore.java:191) ~[junit-jupiter-engine-5.8.2.jar:5.8.2]
	at org.junit.jupiter.engine.execution.ExtensionValuesStore$StoredValue.access$100(ExtensionValuesStore.java:171) ~[junit-jupiter-engine-5.8.2.jar:5.8.2]
	at org.junit.jupiter.engine.execution.ExtensionValuesStore.getOrComputeIfAbsent(ExtensionValuesStore.java:89) ~[junit-jupiter-engine-5.8.2.jar:5.8.2]
	at org.junit.jupiter.engine.execution.NamespaceAwareStore.getOrComputeIfAbsent(NamespaceAwareStore.java:53) ~[junit-jupiter-engine-5.8.2.jar:5.8.2]
	at org.testcontainers.junit.jupiter.TestcontainersExtension.lambda$startContainers$5(TestcontainersExtension.java:82) ~[junit-jupiter-1.19.5.jar:na]
	at java.base/java.util.ArrayList.forEach(ArrayList.java:1511) ~[na:na]
	at org.testcontainers.junit.jupiter.TestcontainersExtension.startContainers(TestcontainersExtension.java:82) ~[junit-jupiter-1.19.5.jar:na]
	at org.testcontainers.junit.jupiter.TestcontainersExtension.beforeAll(TestcontainersExtension.java:56) ~[junit-jupiter-1.19.5.jar:na]
	at org.junit.jupiter.engine.descriptor.ClassBasedTestDescriptor.lambda$invokeBeforeAllCallbacks$10(ClassBasedTestDescriptor.java:381) ~[junit-jupiter-engine-5.8.2.jar:5.8.2]
	at org.junit.platform.engine.support.hierarchical.ThrowableCollector.execute(ThrowableCollector.java:73) ~[junit-platform-engine-1.8.2.jar:1.8.2]
	at org.junit.jupiter.engine.descriptor.ClassBasedTestDescriptor.invokeBeforeAllCallbacks(ClassBasedTestDescriptor.java:381) ~[junit-jupiter-engine-5.8.2.jar:5.8.2]
	at org.junit.jupiter.engine.descriptor.ClassBasedTestDescriptor.before(ClassBasedTestDescriptor.java:205) ~[junit-jupiter-engine-5.8.2.jar:5.8.2]
	at org.junit.jupiter.engine.descriptor.ClassBasedTestDescriptor.before(ClassBasedTestDescriptor.java:80) ~[junit-jupiter-engine-5.8.2.jar:5.8.2]
	at org.junit.platform.engine.support.hierarchical.NodeTestTask.lambda$executeRecursively$6(NodeTestTask.java:148) ~[junit-platform-engine-1.8.2.jar:1.8.2]
	at org.junit.platform.engine.support.hierarchical.ThrowableCollector.execute(ThrowableCollector.java:73) ~[junit-platform-engine-1.8.2.jar:1.8.2]
	at org.junit.platform.engine.support.hierarchical.NodeTestTask.lambda$executeRecursively$8(NodeTestTask.java:141) ~[junit-platform-engine-1.8.2.jar:1.8.2]
	at org.junit.platform.engine.support.hierarchical.Node.around(Node.java:137) ~[junit-platform-engine-1.8.2.jar:1.8.2]
	at org.junit.platform.engine.support.hierarchical.NodeTestTask.lambda$executeRecursively$9(NodeTestTask.java:139) ~[junit-platform-engine-1.8.2.jar:1.8.2]
	at org.junit.platform.engine.support.hierarchical.ThrowableCollector.execute(ThrowableCollector.java:73) ~[junit-platform-engine-1.8.2.jar:1.8.2]
	at org.junit.platform.engine.support.hierarchical.NodeTestTask.executeRecursively(NodeTestTask.java:138) ~[junit-platform-engine-1.8.2.jar:1.8.2]
	at org.junit.platform.engine.support.hierarchical.NodeTestTask.execute(NodeTestTask.java:95) ~[junit-platform-engine-1.8.2.jar:1.8.2]
	at java.base/java.util.ArrayList.forEach(ArrayList.java:1511) ~[na:na]
	at org.junit.platform.engine.support.hierarchical.SameThreadHierarchicalTestExecutorService.invokeAll(SameThreadHierarchicalTestExecutorService.java:41) ~[junit-platform-engine-1.8.2.jar:1.8.2]
	at org.junit.platform.engine.support.hierarchical.NodeTestTask.lambda$executeRecursively$6(NodeTestTask.java:155) ~[junit-platform-engine-1.8.2.jar:1.8.2]
	at org.junit.platform.engine.support.hierarchical.ThrowableCollector.execute(ThrowableCollector.java:73) ~[junit-platform-engine-1.8.2.jar:1.8.2]
	at org.junit.platform.engine.support.hierarchical.NodeTestTask.lambda$executeRecursively$8(NodeTestTask.java:141) ~[junit-platform-engine-1.8.2.jar:1.8.2]
	at org.junit.platform.engine.support.hierarchical.Node.around(Node.java:137) ~[junit-platform-engine-1.8.2.jar:1.8.2]
	at org.junit.platform.engine.support.hierarchical.NodeTestTask.lambda$executeRecursively$9(NodeTestTask.java:139) ~[junit-platform-engine-1.8.2.jar:1.8.2]
	at org.junit.platform.engine.support.hierarchical.ThrowableCollector.execute(ThrowableCollector.java:73) ~[junit-platform-engine-1.8.2.jar:1.8.2]
	at org.junit.platform.engine.support.hierarchical.NodeTestTask.executeRecursively(NodeTestTask.java:138) ~[junit-platform-engine-1.8.2.jar:1.8.2]
	at org.junit.platform.engine.support.hierarchical.NodeTestTask.execute(NodeTestTask.java:95) ~[junit-platform-engine-1.8.2.jar:1.8.2]
	at org.junit.platform.engine.support.hierarchical.SameThreadHierarchicalTestExecutorService.submit(SameThreadHierarchicalTestExecutorService.java:35) ~[junit-platform-engine-1.8.2.jar:1.8.2]
	at org.junit.platform.engine.support.hierarchical.HierarchicalTestExecutor.execute(HierarchicalTestExecutor.java:57) ~[junit-platform-engine-1.8.2.jar:1.8.2]
	at org.junit.platform.engine.support.hierarchical.HierarchicalTestEngine.execute(HierarchicalTestEngine.java:54) ~[junit-platform-engine-1.8.2.jar:1.8.2]
	at org.junit.platform.launcher.core.DefaultLauncher.execute(DefaultLauncher.java:220) ~[junit-platform-launcher-1.3.1.jar:1.3.1]
	at org.junit.platform.launcher.core.DefaultLauncher.lambda$execute$6(DefaultLauncher.java:188) ~[junit-platform-launcher-1.3.1.jar:1.3.1]
	at org.junit.platform.launcher.core.DefaultLauncher.withInterceptedStreams(DefaultLauncher.java:202) ~[junit-platform-launcher-1.3.1.jar:1.3.1]
	at org.junit.platform.launcher.core.DefaultLauncher.execute(DefaultLauncher.java:181) ~[junit-platform-launcher-1.3.1.jar:1.3.1]
	at org.junit.platform.launcher.core.DefaultLauncher.execute(DefaultLauncher.java:128) ~[junit-platform-launcher-1.3.1.jar:1.3.1]
	at org.apache.maven.surefire.junitplatform.JUnitPlatformProvider.invokeAllTests(JUnitPlatformProvider.java:150) ~[surefire-junit-platform-2.22.2.jar:2.22.2]
	at org.apache.maven.surefire.junitplatform.JUnitPlatformProvider.invoke(JUnitPlatformProvider.java:124) ~[surefire-junit-platform-2.22.2.jar:2.22.2]
	at org.apache.maven.surefire.booter.ForkedBooter.invokeProviderInSameClassLoader(ForkedBooter.java:384) ~[surefire-booter-2.22.2.jar:2.22.2]
	at org.apache.maven.surefire.booter.ForkedBooter.runSuitesInProcess(ForkedBooter.java:345) ~[surefire-booter-2.22.2.jar:2.22.2]
	at org.apache.maven.surefire.booter.ForkedBooter.execute(ForkedBooter.java:126) ~[surefire-booter-2.22.2.jar:2.22.2]
	at org.apache.maven.surefire.booter.ForkedBooter.main(ForkedBooter.java:418) ~[surefire-booter-2.22.2.jar:2.22.2]

2024-03-04 13:52:56.705 ERROR 14872 --- [           main] tc.postgres:16.2                         : Log output from the failed container:
The files belonging to this database system will be owned by user "postgres".
This user must also own the server process.

The database cluster will be initialized with locale "en_US.utf8".
The default database encoding has accordingly been set to "UTF8".
The default text search configuration will be set to "english".

Data page checksums are disabled.

fixing permissions on existing directory /var/lib/postgresql/data ... ok
creating subdirectories ... ok
selecting dynamic shared memory implementation ... posix
selecting default max_connections ... 100
selecting default shared_buffers ... 128MB
selecting default time zone ... Etc/UTC
creating configuration files ... ok
running bootstrap script ... ok
performing post-bootstrap initialization ... ok
syncing data to disk ... ok


Success. You can now start the database server using:

    pg_ctl -D /var/lib/postgresql/data -l logfile start

initdb: warning: enabling "trust" authentication for local connections
initdb: hint: You can change this by editing pg_hba.conf or using the option -A, or --auth-local and --auth-host, the next time you run initdb.
waiting for server to start....2024-03-04 10:52:56.371 UTC [48] LOG:  starting PostgreSQL 16.2 (Debian 16.2-1.pgdg120+2) on aarch64-unknown-linux-gnu, compiled by gcc (Debian 12.2.0-14) 12.2.0, 64-bit
2024-03-04 10:52:56.371 UTC [48] LOG:  listening on Unix socket "/var/run/postgresql/.s.PGSQL.5432"
2024-03-04 10:52:56.372 UTC [51] LOG:  database system was shut down at 2024-03-04 10:52:56 UTC
2024-03-04 10:52:56.374 UTC [48] LOG:  database system is ready to accept connections
 done
server started
CREATE DATABASE


/usr/local/bin/docker-entrypoint.sh: ignoring /docker-entrypoint-initdb.d/*

waiting for server to shut down....2024-03-04 10:52:56.519 UTC [48] LOG:  received fast shutdown request
2024-03-04 10:52:56.519 UTC [48] LOG:  aborting any active transactions
2024-03-04 10:52:56.521 UTC [48] LOG:  background worker "logical replication launcher" (PID 54) exited with exit code 1
2024-03-04 10:52:56.521 UTC [49] LOG:  shutting down
2024-03-04 10:52:56.521 UTC [49] LOG:  checkpoint starting: shutdown immediate
2024-03-04 10:52:56.525 UTC [49] LOG:  checkpoint complete: wrote 923 buffers (5.6%); 0 WAL file(s) added, 0 removed, 0 recycled; write=0.004 s, sync=0.001 s, total=0.005 s; sync files=0, longest=0.000 s, average=0.000 s; distance=4257 kB, estimate=4257 kB; lsn=0/1912FE0, redo lsn=0/1912FE0
2024-03-04 10:52:56.527 UTC [48] LOG:  database system is shut down
 done
server stopped

PostgreSQL init process complete; ready for start up.

2024-03-04 10:52:56.639 UTC [1] LOG:  starting PostgreSQL 16.2 (Debian 16.2-1.pgdg120+2) on aarch64-unknown-linux-gnu, compiled by gcc (Debian 12.2.0-14) 12.2.0, 64-bit
2024-03-04 10:52:56.640 UTC [1] LOG:  listening on IPv4 address "0.0.0.0", port 5432
2024-03-04 10:52:56.640 UTC [1] LOG:  listening on IPv6 address "::", port 5432
2024-03-04 10:52:56.640 UTC [1] LOG:  listening on Unix socket "/var/run/postgresql/.s.PGSQL.5432"
2024-03-04 10:52:56.641 UTC [64] LOG:  database system was shut down at 2024-03-04 10:52:56 UTC
2024-03-04 10:52:56.643 UTC [1] LOG:  database system is ready to accept connections

]]></system-out>
  </testcase>
</testsuite>